## ComfyUI-Manager: installing dependencies. (GitPython)
[2026-01-14 23:15:00.138] ## ComfyUI-Manager: installing dependencies done.
[2026-01-14 23:15:00.138] ** ComfyUI startup time: 2026-01-14 23:15:00.138
[2026-01-14 23:15:00.139] ** Platform: Linux
[2026-01-14 23:15:00.140] ** Python version: 3.11.0rc1 (main, Aug 12 2022, 10:02:14) [GCC 11.2.0]
[2026-01-14 23:15:00.141] ** Python executable: /usr/bin/python3
[2026-01-14 23:15:00.142] ** ComfyUI Path: /opt/ComfyUI
[2026-01-14 23:15:00.143] ** ComfyUI Base Folder Path: /opt/ComfyUI
[2026-01-14 23:15:00.143] ** User directory: /opt/ComfyUI/user
[2026-01-14 23:15:00.144] ** ComfyUI-Manager config path: /opt/ComfyUI/user/__manager/config.ini
[2026-01-14 23:15:00.145] ** Log path: /opt/ComfyUI/user/comfyui.log

Prestartup times for custom nodes:
[2026-01-14 23:15:01.211]   27.0 seconds: /opt/ComfyUI/custom_nodes/comfyui-manager
[2026-01-14 23:15:01.211] 
[2026-01-14 23:15:12.345] Checkpoint files will always be loaded safely.
[2026-01-14 23:15:13.279] Total VRAM 8192 MB, total RAM 7894 MB
[2026-01-14 23:15:13.279] pytorch version: 2.4.1+cu121
[2026-01-14 23:15:13.280] Set vram state to: NORMAL_VRAM
[2026-01-14 23:15:13.281] Device: cuda:0 NVIDIA GeForce RTX 3070 Ti : cudaMallocAsync
[2026-01-14 23:15:13.281] Using async weight offloading with 2 streams
[2026-01-14 23:15:13.281] Enabled pinned memory 7499.0
[2026-01-14 23:15:20.603] WARNING: You need pytorch with cu130 or higher to use optimized CUDA operations.
[2026-01-14 23:15:20.603] Found comfy_kitchen backend triton: {'available': True, 'disabled': True, 'unavailable_reason': None, 'capabilities': ['apply_rope', 'apply_rope1', 'dequantize_nvfp4', 'dequantize_per_tensor_fp8', 'quantize_nvfp4', 'quantize_per_tensor_fp8']}
[2026-01-14 23:15:20.603] Found comfy_kitchen backend eager: {'available': True, 'disabled': False, 'unavailable_reason': None, 'capabilities': ['apply_rope', 'apply_rope1', 'dequantize_nvfp4', 'dequantize_per_tensor_fp8', 'quantize_nvfp4', 'quantize_per_tensor_fp8', 'scaled_mm_nvfp4']}
[2026-01-14 23:15:20.603] Found comfy_kitchen backend cuda: {'available': True, 'disabled': True, 'unavailable_reason': None, 'capabilities': ['apply_rope', 'apply_rope1', 'dequantize_nvfp4', 'dequantize_per_tensor_fp8', 'quantize_nvfp4', 'quantize_per_tensor_fp8']}
[2026-01-14 23:15:24.956] Using pytorch attention
[2026-01-14 23:15:43.586] Python version: 3.11.0rc1 (main, Aug 12 2022, 10:02:14) [GCC 11.2.0]
[2026-01-14 23:15:43.586] ComfyUI version: 0.8.2
[2026-01-14 23:15:43.622] ComfyUI frontend version: 1.35.9
[2026-01-14 23:15:43.635] [Prompt Server] web root: /usr/local/lib/python3.11/dist-packages/comfyui_frontend_package/static
[2026-01-14 23:15:46.174] Total VRAM 8192 MB, total RAM 7894 MB
[2026-01-14 23:15:46.174] pytorch version: 2.4.1+cu121
[2026-01-14 23:15:46.176] Set vram state to: NORMAL_VRAM
[2026-01-14 23:15:46.176] Device: cuda:0 NVIDIA GeForce RTX 3070 Ti : cudaMallocAsync
[2026-01-14 23:15:46.176] Using async weight offloading with 2 streams
[2026-01-14 23:15:46.177] Enabled pinned memory 7499.0
[2026-01-14 23:15:47.075] ### Loading: ComfyUI-Manager (V3.39.2)
[2026-01-14 23:15:47.077] [ComfyUI-Manager] network_mode: public
[2026-01-14 23:15:47.077] [ComfyUI-Manager] ComfyUI per-queue preview override detected (PR #11261). Manager's preview method feature is disabled. Use ComfyUI's --preview-method CLI option or 'Settings > Execution > Live preview method'.
[2026-01-14 23:15:47.423] ### ComfyUI Version: v0.8.2-2-g5943fbf4 | Released on '2026-01-08'
[2026-01-14 23:15:47.683] [ComfyUI-Manager] default cache updated: https://raw.githubusercontent.com/ltdrdata/ComfyUI-Manager/main/model-list.json
[2026-01-14 23:15:47.686] [ComfyUI-Manager] default cache updated: https://raw.githubusercontent.com/ltdrdata/ComfyUI-Manager/main/alter-list.json
[2026-01-14 23:15:47.760] [ComfyUI-Manager] default cache updated: https://raw.githubusercontent.com/ltdrdata/ComfyUI-Manager/main/github-stats.json
[2026-01-14 23:15:47.851] [ComfyUI-Manager] default cache updated: https://raw.githubusercontent.com/ltdrdata/ComfyUI-Manager/main/extension-node-map.json
[2026-01-14 23:15:47.942] [ComfyUI-Manager] default cache updated: https://raw.githubusercontent.com/ltdrdata/ComfyUI-Manager/main/custom-node-list.json
[2026-01-14 23:15:48.157] Workspace manager - Openning file hash dict
[2026-01-14 23:15:48.162] 🦄🦄Loading: Workspace Manager (V2.1.0)
[2026-01-14 23:15:48.175] 
Import times for custom nodes:
[2026-01-14 23:15:48.175]    0.5 seconds: /opt/ComfyUI/custom_nodes/comfyui-manager
[2026-01-14 23:15:48.176]    0.7 seconds: /opt/ComfyUI/custom_nodes/comfyui-workspace-manager
[2026-01-14 23:15:48.176] 
[2026-01-14 23:15:49.913] Context impl SQLiteImpl.
[2026-01-14 23:15:49.913] Will assume non-transactional DDL.
[2026-01-14 23:15:49.916] No target revision found.
[2026-01-14 23:15:50.054] Starting server

[2026-01-14 23:15:50.055] To see the GUI go to: http://0.0.0.0:8188
[2026-01-14 23:15:51.868] FETCH ComfyRegistry Data: 5/119
[2026-01-14 23:15:56.467] FETCH ComfyRegistry Data: 10/119
[2026-01-14 23:16:00.798] FETCH ComfyRegistry Data: 15/119
[2026-01-14 23:16:05.013] FETCH ComfyRegistry Data: 20/119
[2026-01-14 23:16:09.207] FETCH ComfyRegistry Data: 25/119
[2026-01-14 23:16:11.110] FETCH ComfyRegistry Data: 30/119
[2026-01-14 23:16:15.672] FETCH ComfyRegistry Data: 35/119
[2026-01-14 23:16:20.541] FETCH ComfyRegistry Data: 40/119
[2026-01-14 23:16:24.973] FETCH ComfyRegistry Data: 45/119
[2026-01-14 23:16:29.379] FETCH ComfyRegistry Data: 50/119
[2026-01-14 23:16:34.108] FETCH ComfyRegistry Data: 55/119
[2026-01-14 23:16:35.946] FETCH ComfyRegistry Data: 60/119
[2026-01-14 23:16:36.632] [DEPRECATION WARNING] Detected import of deprecated legacy API: /scripts/ui.js. This is likely caused by a custom node extension using outdated APIs. Please update your extensions or contact the extension author for an updated version.
[2026-01-14 23:16:36.635] [DEPRECATION WARNING] Detected import of deprecated legacy API: /extensions/core/groupNode.js. This is likely caused by a custom node extension using outdated APIs. Please update your extensions or contact the extension author for an updated version.
[2026-01-14 23:16:36.921] [DEPRECATION WARNING] Detected import of deprecated legacy API: /scripts/ui/components/buttonGroup.js. This is likely caused by a custom node extension using outdated APIs. Please update your extensions or contact the extension author for an updated version.
[2026-01-14 23:16:36.924] [DEPRECATION WARNING] Detected import of deprecated legacy API: /scripts/ui/components/button.js. This is likely caused by a custom node extension using outdated APIs. Please update your extensions or contact the extension author for an updated version.
[2026-01-14 23:16:40.236] FETCH ComfyRegistry Data: 65/119
[2026-01-14 23:16:44.623] FETCH ComfyRegistry Data: 70/119
[2026-01-14 23:16:49.215] FETCH ComfyRegistry Data: 75/119
[2026-01-14 23:16:53.627] FETCH ComfyRegistry Data: 80/119
[2026-01-14 23:16:58.037] FETCH ComfyRegistry Data: 85/119
[2026-01-14 23:17:02.415] FETCH ComfyRegistry Data: 90/119
